# lattice-best-path --lm-scale=11 --word-symbol-table=exp/mono/graph/words.txt "ark:gunzip -c exp/mono/decode/lat.*.gz|" ark,t:exp/mono/decode/scoring/11.tra 
# Started at Mon Aug 19 18:41:32 CEST 2019
#
lattice-best-path --lm-scale=11 --word-symbol-table=exp/mono/graph/words.txt 'ark:gunzip -c exp/mono/decode/lat.*.gz|' ark,t:exp/mono/decode/scoring/11.tra 
LOG (lattice-best-path[5.5.222~2-991a7]:main():lattice-best-path.cc:99) For utterance jackson_4_0, best cost 89.5025 + 4786.44 = 4875.94 over 52 frames.
jackson_4_0 zero 
LOG (lattice-best-path[5.5.222~2-991a7]:main():lattice-best-path.cc:99) For utterance jackson_4_1, best cost 85.8966 + 5084.18 = 5170.07 over 51 frames.
jackson_4_1 one 
LOG (lattice-best-path[5.5.222~2-991a7]:main():lattice-best-path.cc:99) For utterance jackson_4_2, best cost 75.3017 + 4805.7 = 4881.01 over 46 frames.
jackson_4_2 two 
LOG (lattice-best-path[5.5.222~2-991a7]:main():lattice-best-path.cc:99) For utterance jackson_4_3, best cost 87.2847 + 4174.21 = 4261.5 over 43 frames.
jackson_4_3 three 
LOG (lattice-best-path[5.5.222~2-991a7]:main():lattice-best-path.cc:99) For utterance jackson_4_4, best cost 81.351 + 3768.73 = 3850.08 over 41 frames.
jackson_4_4 four 
LOG (lattice-best-path[5.5.222~2-991a7]:main():lattice-best-path.cc:99) For utterance jackson_4_5, best cost 93.7597 + 4818.13 = 4911.89 over 51 frames.
jackson_4_5 five 
LOG (lattice-best-path[5.5.222~2-991a7]:main():lattice-best-path.cc:99) For utterance jackson_4_6, best cost 83.6774 + 5845.1 = 5928.78 over 61 frames.
jackson_4_6 six 
LOG (lattice-best-path[5.5.222~2-991a7]:main():lattice-best-path.cc:99) For utterance jackson_4_7, best cost 95.1261 + 4173.15 = 4268.27 over 40 frames.
jackson_4_7 seven 
LOG (lattice-best-path[5.5.222~2-991a7]:main():lattice-best-path.cc:99) For utterance jackson_4_8, best cost 70.4469 + 3916.66 = 3987.11 over 39 frames.
jackson_4_8 eight 
LOG (lattice-best-path[5.5.222~2-991a7]:main():lattice-best-path.cc:99) For utterance jackson_4_9, best cost 93.2276 + 5194.25 = 5287.48 over 56 frames.
jackson_4_9 nine 
LOG (lattice-best-path[5.5.222~2-991a7]:main():lattice-best-path.cc:99) For utterance nicolas_2_0, best cost 82.883 + 3016.33 = 3099.21 over 34 frames.
nicolas_2_0 zero 
LOG (lattice-best-path[5.5.222~2-991a7]:main():lattice-best-path.cc:99) For utterance nicolas_2_1, best cost 75.8939 + 2029.92 = 2105.81 over 24 frames.
nicolas_2_1 one 
LOG (lattice-best-path[5.5.222~2-991a7]:main():lattice-best-path.cc:99) For utterance nicolas_2_2, best cost 71.3398 + 3058.16 = 3129.5 over 34 frames.
nicolas_2_2 two 
LOG (lattice-best-path[5.5.222~2-991a7]:main():lattice-best-path.cc:99) For utterance nicolas_2_3, best cost 70.5263 + 2005.31 = 2075.84 over 24 frames.
nicolas_2_3 three 
LOG (lattice-best-path[5.5.222~2-991a7]:main():lattice-best-path.cc:99) For utterance nicolas_2_4, best cost 74.5333 + 2551.56 = 2626.1 over 29 frames.
nicolas_2_4 four 
LOG (lattice-best-path[5.5.222~2-991a7]:main():lattice-best-path.cc:99) For utterance nicolas_2_5, best cost 100.157 + 2397.68 = 2497.83 over 29 frames.
nicolas_2_5 five 
LOG (lattice-best-path[5.5.222~2-991a7]:main():lattice-best-path.cc:99) For utterance nicolas_2_6, best cost 74.7887 + 2305.17 = 2379.95 over 24 frames.
nicolas_2_6 six 
LOG (lattice-best-path[5.5.222~2-991a7]:main():lattice-best-path.cc:99) For utterance nicolas_2_7, best cost 82.4588 + 3828.03 = 3910.49 over 43 frames.
nicolas_2_7 seven 
LOG (lattice-best-path[5.5.222~2-991a7]:main():lattice-best-path.cc:99) For utterance nicolas_2_8, best cost 67.4513 + 1924.75 = 1992.2 over 22 frames.
nicolas_2_8 eight 
LOG (lattice-best-path[5.5.222~2-991a7]:main():lattice-best-path.cc:99) For utterance nicolas_2_9, best cost 78.7092 + 3363.53 = 3442.24 over 42 frames.
nicolas_2_9 nine 
LOG (lattice-best-path[5.5.222~2-991a7]:main():lattice-best-path.cc:99) For utterance theo_1_0, best cost 78.4011 + 2998.89 = 3077.29 over 33 frames.
theo_1_0 zero 
LOG (lattice-best-path[5.5.222~2-991a7]:main():lattice-best-path.cc:99) For utterance theo_1_1, best cost 75.4714 + 1993.62 = 2069.1 over 21 frames.
theo_1_1 one 
LOG (lattice-best-path[5.5.222~2-991a7]:main():lattice-best-path.cc:99) For utterance theo_1_2, best cost 70.4807 + 2018.99 = 2089.47 over 21 frames.
theo_1_2 two 
LOG (lattice-best-path[5.5.222~2-991a7]:main():lattice-best-path.cc:99) For utterance theo_1_3, best cost 77.9393 + 2734.96 = 2812.9 over 26 frames.
theo_1_3 three 
LOG (lattice-best-path[5.5.222~2-991a7]:main():lattice-best-path.cc:99) For utterance theo_1_4, best cost 76.4059 + 2328.45 = 2404.86 over 23 frames.
theo_1_4 four 
LOG (lattice-best-path[5.5.222~2-991a7]:main():lattice-best-path.cc:99) For utterance theo_1_5, best cost 73.7147 + 2353.41 = 2427.13 over 27 frames.
theo_1_5 five 
LOG (lattice-best-path[5.5.222~2-991a7]:main():lattice-best-path.cc:99) For utterance theo_1_6, best cost 84.366 + 4410.14 = 4494.5 over 46 frames.
theo_1_6 six 
LOG (lattice-best-path[5.5.222~2-991a7]:main():lattice-best-path.cc:99) For utterance theo_1_7, best cost 81.8507 + 3269.44 = 3351.29 over 34 frames.
theo_1_7 seven 
LOG (lattice-best-path[5.5.222~2-991a7]:main():lattice-best-path.cc:99) For utterance theo_1_8, best cost 76.8264 + 3044.88 = 3121.71 over 30 frames.
theo_1_8 eight 
LOG (lattice-best-path[5.5.222~2-991a7]:main():lattice-best-path.cc:99) For utterance theo_1_9, best cost 76.3172 + 2652.04 = 2728.36 over 27 frames.
theo_1_9 nine 
LOG (lattice-best-path[5.5.222~2-991a7]:main():lattice-best-path.cc:124) Overall cost per frame is 96.2329 = 2.24239 [graph] + 93.9905 [acoustic] over 1073 frames.
LOG (lattice-best-path[5.5.222~2-991a7]:main():lattice-best-path.cc:128) Done 30 lattices, failed for 0
# Accounting: time=0 threads=1
# Ended (code 0) at Mon Aug 19 18:41:32 CEST 2019, elapsed time 0 seconds
