# lattice-best-path --lm-scale=17 --word-symbol-table=exp/mono/graph/words.txt "ark:gunzip -c exp/mono/decode/lat.*.gz|" ark,t:exp/mono/decode/scoring/17.tra 
# Started at Mon Aug 19 18:41:32 CEST 2019
#
lattice-best-path --lm-scale=17 --word-symbol-table=exp/mono/graph/words.txt 'ark:gunzip -c exp/mono/decode/lat.*.gz|' ark,t:exp/mono/decode/scoring/17.tra 
LOG (lattice-best-path[5.5.222~2-991a7]:main():lattice-best-path.cc:99) For utterance jackson_4_0, best cost 138.322 + 4786.44 = 4924.76 over 52 frames.
jackson_4_0 zero 
LOG (lattice-best-path[5.5.222~2-991a7]:main():lattice-best-path.cc:99) For utterance jackson_4_1, best cost 132.749 + 5084.18 = 5216.93 over 51 frames.
jackson_4_1 one 
LOG (lattice-best-path[5.5.222~2-991a7]:main():lattice-best-path.cc:99) For utterance jackson_4_2, best cost 116.375 + 4805.7 = 4922.08 over 46 frames.
jackson_4_2 two 
LOG (lattice-best-path[5.5.222~2-991a7]:main():lattice-best-path.cc:99) For utterance jackson_4_3, best cost 134.894 + 4174.21 = 4309.11 over 43 frames.
jackson_4_3 three 
LOG (lattice-best-path[5.5.222~2-991a7]:main():lattice-best-path.cc:99) For utterance jackson_4_4, best cost 125.724 + 3768.73 = 3894.45 over 41 frames.
jackson_4_4 four 
LOG (lattice-best-path[5.5.222~2-991a7]:main():lattice-best-path.cc:99) For utterance jackson_4_5, best cost 144.901 + 4818.13 = 4963.03 over 51 frames.
jackson_4_5 five 
LOG (lattice-best-path[5.5.222~2-991a7]:main():lattice-best-path.cc:99) For utterance jackson_4_6, best cost 129.32 + 5845.1 = 5974.42 over 61 frames.
jackson_4_6 six 
LOG (lattice-best-path[5.5.222~2-991a7]:main():lattice-best-path.cc:99) For utterance jackson_4_7, best cost 147.013 + 4173.15 = 4320.16 over 40 frames.
jackson_4_7 seven 
LOG (lattice-best-path[5.5.222~2-991a7]:main():lattice-best-path.cc:99) For utterance jackson_4_8, best cost 108.872 + 3916.66 = 4025.53 over 39 frames.
jackson_4_8 eight 
LOG (lattice-best-path[5.5.222~2-991a7]:main():lattice-best-path.cc:99) For utterance jackson_4_9, best cost 144.079 + 5194.25 = 5338.33 over 56 frames.
jackson_4_9 nine 
LOG (lattice-best-path[5.5.222~2-991a7]:main():lattice-best-path.cc:99) For utterance nicolas_2_0, best cost 128.092 + 3016.33 = 3144.42 over 34 frames.
nicolas_2_0 zero 
LOG (lattice-best-path[5.5.222~2-991a7]:main():lattice-best-path.cc:99) For utterance nicolas_2_1, best cost 117.291 + 2029.92 = 2147.21 over 24 frames.
nicolas_2_1 one 
LOG (lattice-best-path[5.5.222~2-991a7]:main():lattice-best-path.cc:99) For utterance nicolas_2_2, best cost 110.252 + 3058.16 = 3168.42 over 34 frames.
nicolas_2_2 two 
LOG (lattice-best-path[5.5.222~2-991a7]:main():lattice-best-path.cc:99) For utterance nicolas_2_3, best cost 108.995 + 2005.31 = 2114.31 over 24 frames.
nicolas_2_3 three 
LOG (lattice-best-path[5.5.222~2-991a7]:main():lattice-best-path.cc:99) For utterance nicolas_2_4, best cost 115.188 + 2551.56 = 2666.75 over 29 frames.
nicolas_2_4 four 
LOG (lattice-best-path[5.5.222~2-991a7]:main():lattice-best-path.cc:99) For utterance nicolas_2_5, best cost 154.788 + 2397.68 = 2552.46 over 29 frames.
nicolas_2_5 five 
LOG (lattice-best-path[5.5.222~2-991a7]:main():lattice-best-path.cc:99) For utterance nicolas_2_6, best cost 115.583 + 2305.17 = 2420.75 over 24 frames.
nicolas_2_6 six 
LOG (lattice-best-path[5.5.222~2-991a7]:main():lattice-best-path.cc:99) For utterance nicolas_2_7, best cost 127.436 + 3828.03 = 3955.47 over 43 frames.
nicolas_2_7 seven 
LOG (lattice-best-path[5.5.222~2-991a7]:main():lattice-best-path.cc:99) For utterance nicolas_2_8, best cost 104.243 + 1924.75 = 2028.99 over 22 frames.
nicolas_2_8 eight 
LOG (lattice-best-path[5.5.222~2-991a7]:main():lattice-best-path.cc:99) For utterance nicolas_2_9, best cost 121.642 + 3363.53 = 3485.18 over 42 frames.
nicolas_2_9 nine 
LOG (lattice-best-path[5.5.222~2-991a7]:main():lattice-best-path.cc:99) For utterance theo_1_0, best cost 121.165 + 2998.89 = 3120.06 over 33 frames.
theo_1_0 zero 
LOG (lattice-best-path[5.5.222~2-991a7]:main():lattice-best-path.cc:99) For utterance theo_1_1, best cost 116.638 + 1993.62 = 2110.26 over 21 frames.
theo_1_1 one 
LOG (lattice-best-path[5.5.222~2-991a7]:main():lattice-best-path.cc:99) For utterance theo_1_2, best cost 108.925 + 2018.99 = 2127.92 over 21 frames.
theo_1_2 two 
LOG (lattice-best-path[5.5.222~2-991a7]:main():lattice-best-path.cc:99) For utterance theo_1_3, best cost 120.452 + 2734.96 = 2855.41 over 26 frames.
theo_1_3 three 
LOG (lattice-best-path[5.5.222~2-991a7]:main():lattice-best-path.cc:99) For utterance theo_1_4, best cost 118.082 + 2328.45 = 2446.53 over 23 frames.
theo_1_4 four 
LOG (lattice-best-path[5.5.222~2-991a7]:main():lattice-best-path.cc:99) For utterance theo_1_5, best cost 113.923 + 2353.41 = 2467.34 over 27 frames.
theo_1_5 five 
LOG (lattice-best-path[5.5.222~2-991a7]:main():lattice-best-path.cc:99) For utterance theo_1_6, best cost 130.384 + 4410.14 = 4540.52 over 46 frames.
theo_1_6 six 
LOG (lattice-best-path[5.5.222~2-991a7]:main():lattice-best-path.cc:99) For utterance theo_1_7, best cost 126.497 + 3269.44 = 3395.93 over 34 frames.
theo_1_7 seven 
LOG (lattice-best-path[5.5.222~2-991a7]:main():lattice-best-path.cc:99) For utterance theo_1_8, best cost 118.732 + 3044.88 = 3163.61 over 30 frames.
theo_1_8 eight 
LOG (lattice-best-path[5.5.222~2-991a7]:main():lattice-best-path.cc:99) For utterance theo_1_9, best cost 117.945 + 2652.04 = 2769.99 over 27 frames.
theo_1_9 nine 
LOG (lattice-best-path[5.5.222~2-991a7]:main():lattice-best-path.cc:124) Overall cost per frame is 97.456 = 3.46552 [graph] + 93.9905 [acoustic] over 1073 frames.
LOG (lattice-best-path[5.5.222~2-991a7]:main():lattice-best-path.cc:128) Done 30 lattices, failed for 0
# Accounting: time=0 threads=1
# Ended (code 0) at Mon Aug 19 18:41:32 CEST 2019, elapsed time 0 seconds
